<?xml version="1.0" encoding="UTF-8"?>
<testng-results skipped="0" failed="1" ignored="0" total="2" passed="1">
  <reporter-output>
    <line>
      <![CDATA[Title is not matching OrangeHRMF]]>
    </line>
    <line>
      <![CDATA[Title is matching OrangeHRM]]>
    </line>
  </reporter-output>
  <suite name="Suite" duration-ms="170248" started-at="2018-06-15T14:16:59Z" finished-at="2018-06-15T14:19:50Z">
    <groups>
    </groups>
    <test name="Test" duration-ms="170248" started-at="2018-06-15T14:16:59Z" finished-at="2018-06-15T14:19:50Z">
      <class name="src.com.amazon.tests.LoginTest">
        <test-method status="PASS" signature="preCondition()[pri:0, instance:src.com.amazon.tests.LoginTest@d8355a8]" name="preCondition" is-config="true" duration-ms="42679" started-at="2018-06-15T19:48:53Z" finished-at="2018-06-15T19:49:36Z">
          <reporter-output>
          </reporter-output>
        </test-method> <!-- preCondition -->
        <test-method status="PASS" signature="testvalidlogin()[pri:0, instance:src.com.amazon.tests.LoginTest@d8355a8]" name="testvalidlogin" duration-ms="13421" started-at="2018-06-15T19:49:36Z" finished-at="2018-06-15T19:49:50Z">
          <reporter-output>
            <line>
              <![CDATA[Title is matching OrangeHRM]]>
            </line>
          </reporter-output>
        </test-method> <!-- testvalidlogin -->
        <test-method status="PASS" signature="postCondition()[pri:0, instance:src.com.amazon.tests.LoginTest@d8355a8]" name="postCondition" is-config="true" duration-ms="54" started-at="2018-06-15T19:49:50Z" finished-at="2018-06-15T19:49:50Z">
          <reporter-output>
          </reporter-output>
        </test-method> <!-- postCondition -->
      </class> <!-- src.com.amazon.tests.LoginTest -->
      <class name="src.com.amazon.tests.InvalidLoginLogout">
        <test-method status="PASS" signature="preCondition()[pri:0, instance:src.com.amazon.tests.InvalidLoginLogout@46d56d67]" name="preCondition" is-config="true" duration-ms="91847" started-at="2018-06-15T19:46:59Z" finished-at="2018-06-15T19:48:31Z">
          <reporter-output>
          </reporter-output>
        </test-method> <!-- preCondition -->
        <test-method status="FAIL" signature="intestvalidlogin()[pri:0, instance:src.com.amazon.tests.InvalidLoginLogout@46d56d67]" name="intestvalidlogin" duration-ms="20012" started-at="2018-06-15T19:48:31Z" finished-at="2018-06-15T19:48:51Z">
          <exception class="java.lang.AssertionError">
            <message>
              <![CDATA[null]]>
            </message>
            <full-stacktrace>
              <![CDATA[java.lang.AssertionError: null
	at org.testng.Assert.fail(Assert.java:93)
	at org.testng.Assert.fail(Assert.java:100)
	at src.com.amazon.generic.BasePage.VerifyElement(BasePage.java:27)
	at src.com.amazon.pages.SignInPage.verifyTitle(SignInPage.java:38)
	at src.com.amazon.tests.InvalidLoginLogout.intestvalidlogin(InvalidLoginLogout.java:21)
	at sun.reflect.NativeMethodAccessorImpl.invoke0(Native Method)
	at sun.reflect.NativeMethodAccessorImpl.invoke(Unknown Source)
	at sun.reflect.DelegatingMethodAccessorImpl.invoke(Unknown Source)
	at java.lang.reflect.Method.invoke(Unknown Source)
	at org.testng.internal.MethodInvocationHelper.invokeMethod(MethodInvocationHelper.java:108)
	at org.testng.internal.Invoker.invokeMethod(Invoker.java:669)
	at org.testng.internal.Invoker.invokeTestMethod(Invoker.java:877)
	at org.testng.internal.Invoker.invokeTestMethods(Invoker.java:1201)
	at org.testng.internal.TestMethodWorker.invokeTestMethods(TestMethodWorker.java:125)
	at org.testng.internal.TestMethodWorker.run(TestMethodWorker.java:109)
	at org.testng.TestRunner.privateRun(TestRunner.java:776)
	at org.testng.TestRunner.run(TestRunner.java:634)
	at org.testng.SuiteRunner.runTest(SuiteRunner.java:425)
	at org.testng.SuiteRunner.runSequentially(SuiteRunner.java:420)
	at org.testng.SuiteRunner.privateRun(SuiteRunner.java:385)
	at org.testng.SuiteRunner.run(SuiteRunner.java:334)
	at org.testng.SuiteRunnerWorker.runSuite(SuiteRunnerWorker.java:52)
	at org.testng.SuiteRunnerWorker.run(SuiteRunnerWorker.java:86)
	at org.testng.TestNG.runSuitesSequentially(TestNG.java:1318)
	at org.testng.TestNG.runSuitesLocally(TestNG.java:1243)
	at org.testng.TestNG.runSuites(TestNG.java:1161)
	at org.testng.TestNG.run(TestNG.java:1129)
	at org.testng.remote.AbstractRemoteTestNG.run(AbstractRemoteTestNG.java:114)
	at org.testng.remote.RemoteTestNG.initAndRun(RemoteTestNG.java:251)
	at org.testng.remote.RemoteTestNG.main(RemoteTestNG.java:77)
]]>
            </full-stacktrace>
          </exception> <!-- java.lang.AssertionError -->
          <reporter-output>
            <line>
              <![CDATA[Title is not matching OrangeHRMF]]>
            </line>
          </reporter-output>
        </test-method> <!-- intestvalidlogin -->
        <test-method status="PASS" signature="postCondition()[pri:0, instance:src.com.amazon.tests.InvalidLoginLogout@46d56d67]" name="postCondition" is-config="true" duration-ms="1823" started-at="2018-06-15T19:48:52Z" finished-at="2018-06-15T19:48:53Z">
          <reporter-output>
          </reporter-output>
        </test-method> <!-- postCondition -->
      </class> <!-- src.com.amazon.tests.InvalidLoginLogout -->
    </test> <!-- Test -->
  </suite> <!-- Suite -->
</testng-results>
